<?xml version="1.0" encoding="UTF-8"?>
<!-- Generated by org.testng.reporters.JUnitReportReporter -->
<testsuite hostname="DELL" name="SearchTestCases.TestAutosugestion" tests="1" failures="0" timestamp="4 May 2020 13:17:39 GMT" time="0.658" errors="0">
  <testcase name="VerifyAutosugesstionResult" time="0.658" classname="SearchTestCases.TestAutosugestion"/>
</testsuite> <!-- SearchTestCases.TestAutosugestion -->
