<?xml version="1.0" encoding="UTF-8"?>
<!-- Generated by org.testng.reporters.JUnitReportReporter -->
<testsuite hostname="DELL" name="SearchTestCases.TestSearch" tests="1" failures="0" timestamp="30 Apr 2020 12:10:52 GMT" time="2.517" errors="0">
  <testcase name="SearchText" time="2.517" classname="SearchTestCases.TestSearch"/>
</testsuite> <!-- SearchTestCases.TestSearch -->
